Arguments: 
  C:\Program Files\nodejs\node.exe C:\Program Files\nodejs\node_modules\yarn\bin\yarn.js init

PATH: 
  C:\Users\jose.barreche\bin;C:\Program Files\Git\mingw64\bin;C:\Program Files\Git\usr\local\bin;C:\Program Files\Git\usr\bin;C:\Program Files\Git\usr\bin;C:\Program Files\Git\mingw64\bin;C:\Program Files\Git\usr\bin;C:\Users\jose.barreche\bin;C:\Windows\system32;C:\Windows;C:\Windows\System32\Wbem;C:\Windows\System32\WindowsPowerShell\v1.0;C:\Program Files\Git\cmd;C:\ProgramData\chocolatey\bin;C:\Program Files\Java\jdk1.8.0_152\bin;C:\Users\jose.barreche\AppData\Local\Android\Sdk\platform-tools;C:\Program Files (x86)\Skype\Phone;C:\Program Files\dotnet;C:\Program Files\Microsoft SQL Server\130\Tools\Binn;C:\Program Files\Microsoft\Web Platform Installer;C:\Users\jose.barreche\AppData\Roaming\nvm;C:\Program Files\nodejs;C:\Users\jose.barreche\AppData\Local\Microsoft\WindowsApps;C:\Program Files\Microsoft VS Code\bin;C:\Users\jose.barreche\AppData\Local\Programs\Fiddler;C:\Users\jose.barreche\AppData\Local\Programs\Microsoft VS Code\bin;C:\Users\jose.barreche\AppData\Roaming\nvm;C:\Program Files\nodejs;C:\Program Files\Git\usr\bin\vendor_perl;C:\Program Files\Git\usr\bin\core_perl

Yarn version: 
  1.13.0

Node version: 
  10.15.0

Platform: 
  win32 x64

Trace: 
  Error: Can't answer a question unless a user TTY
      at ConsoleReporter.question (C:\Users\jose.barreche\AppData\Roaming\nvm\v10.15.0\node_modules\yarn\lib\cli.js:96071:59)
      at Object.<anonymous> (C:\Users\jose.barreche\AppData\Roaming\nvm\v10.15.0\node_modules\yarn\lib\cli.js:88459:38)
      at Generator.next (<anonymous>)
      at step (C:\Users\jose.barreche\AppData\Roaming\nvm\v10.15.0\node_modules\yarn\lib\cli.js:304:30)
      at C:\Users\jose.barreche\AppData\Roaming\nvm\v10.15.0\node_modules\yarn\lib\cli.js:315:13
      at process._tickCallback (internal/process/next_tick.js:68:7)

npm manifest: 
  No manifest

yarn manifest: 
  No manifest

Lockfile: 
  No lockfile
